[   .0000]niiaiznggroup subsys cput
[  .0000] itilizing cro sbss u
[  .0000] italizin cou subsy cuacc
  0.00000]Linux ersion.40-09-gnec buil@lw0-amd6403) gcc erio 5.4 26060 (butu5.0-ubtu16.05)) 132-UbuntuSMTu Jan 99:2:39UT208 (Uun 44.0-0932geneic.498)[   0.000] Comndine: BOTMAE=/boot/mlnuz-4.109-geneicoot=LAELloudmgoofsroonole=tycosoe=yS
[  00000 KRNELsupportd pu:
[  .0000] Itel Genunent
[   0.0000  AMAuthentiAM
[    0.000000]   CenturCetarHau
   0.000000] x6/u:xstae_fst[2]:  56,xstae_izs[2] 2
[    0.000]x86/fp: pportig AVE eare0x01 '87fltig poin reiser'[  0.00000 x/fpu: uporing XSAV fatrex0: 'SSE egters'
[   00000] x8fp: pprtngXSE eaur0x4:'A rgisters
   0.00000x86/puEnbld tae feaur 07,coex siz i83 bytes,usin 'tadad'orat.
[   0.0000] x6/u: Usig az' FPU cote switcs.
[   0.000000 e20: BIOS-povded hyca RAM mp:[    0.0000]BIOSe8: [mem0x00000000000-0x000000009ff]usae[    00000 BIOe8: [mem0x000000009f00x000000000ffffrerved[   0.000] BIOS-82: me0x00000000000-000000000fff]reerved    .0000]IO-e20: me0x000000000000-0x000003ffeff usale
[    .0000] BOSe80: [mem 0x000000003fff0000-0x000000003fffffff] ACPI data
[    0.000000] BIOS-e820: [mem 0x00000000fec00000-0x00000000fec00fff] reserved
[   0.000] BOS82: [mem x00000fe0000x000000f00ff rerved[   0.0000 BOS-e20[mm 0x0000fffc000x0000ffffff] seved[  0.00000 N (Excu Dsable)prtetion aiv
[   00000]SMIO 2.5 preset.[   .0000]Hyrvsor etct: KVM   0.0000]820: lt_n = 0x3fff0 ma_archpf= x4000000
[   0.00] MTRR: isled
[   000000 x/PT:MTRR dsabld,kippngATinitalaton too.[   .0000]CPU MTRRs lllak - rtlized syte.
[   00000] x6/T: Conigraon [0-]:B  WT C-UC W W  UC U 
[  .00000]fod MP MP-ableat[mem 000fff0-0x00fff]apd at [ff80009f0]
[   00000]caning1 re for lowmeor crrtin
[    0.000] RMDK:[mem x3dc00-0755ff][    00000] ACI:arlytae checksum verificatio dsale
[   0.000]ACPI: SD0x00000000000 004 v0VBOX  )
[   0.0000] CP: XST 0000000FF000 0003C (v0 VX  VBOXXS 000001 L 0000006)[   0.000]CP: CP0x0000000FF0F0 00 (v04 VB  VBOXAC000000AS 000001)
[   0.000]CP DSDT0x000003FFF0470 0021F (02VBX   VBXBS 0000000INT 20152
[    0.0000] ACP: CS 0000003FFF00 00000    0.0000]ACPI FS x000003FF020 004
[   .00000 ACI:PIC 0x0000003FF0400005 (2 BOX  VXAIC 000001SL  00061
[  000000]ACPI: SSD 0x000000FF02A0 00CCv01 BO  BOPU0000002 NT 20152
[    0.0000] N NA configuraio fund
[    0.000000] Faking a node at [mem 0x0000000000000000-0x000000003ffeffff]
[    0.000000] NODE_DATA(0) allocted me0x3ffeb0000xfeff][    0.000000 kvm-oc Usig rs4b641 nd 4b54d0
[  .000] m-clck cu 0 msr 03fe31, prirycp cck
[   0.0000 km-clok:sig she oset of 381679 cycle
  0.000000 ccksoure:vmcloc: msk0xffffffffffffff ma_cle: 0x1d44dfb, axdl_ns:88909148 n
   00000 Zonraes:[   0.000000]  MA    [mem 0x00000000000-000000000fff]
[   000000]  D32  [mm x000000000000-x000003ffeff
    .0000]  rml   emty[    0.000]   vi   empy[   00000] Movae one ta fr each od
[    0.0000 Erlmeory noe ans
[   0.000]   noe 0:[m 000000000100-x00000009ef]
   000000]   nde 0 [me 00000001000-0x000003ffff
[   .0000] Iitm etup node 0[mm 0x00000000010000x000003fefff]
    0.000] CPI:M-imerIOor: 40
[    00000 IOAPI0] aic_i2,ersion32 aress0xc0000,GS0-3[   .000000] CP: INT_SRCOV (bus 0 s_rq 0globl_rq2 l fl)[  0.00000ACI: INT_SC_VRbus  b_irq 9 gloalir 9 low level)
[   0.000000]Usin ACPI (MADT) for SM cnfigatn infomaon
[   0.000] smbo: llowg CPUs 0otlug PU
   0.000] M:Restred nsae memoy: [mem x00000-00000f]
  0.000000 P Regisre nosveemry: [mem0x009f0-00009fffff
[    0.000000] PM: Registeed nosveemry[m 0x0a0000x000ff]
[  .0000]PMRegistrenoavemeor: mem 0x0f000-0x0fff]   00000 e82: em0x4000000xfebfff]availablfo PCI dvis
[  .00000]ooing parairuaizd  keneonKVM[  0.0000]lockur: refiedifie: sk 0fffff macyes: 0fffff,axdle_n 74519602168ns
  0.0000 sup_peru:R_CPS:2 r_cpuma_bts:512 ncpu_ds n_nodeid:1
    .000] PECP Embdd 3 pags/u ffff80fc0000 s9954 192 318 104876[    .000] PVsplockha tble trs: 256(oer 0, 09byes)[  0.00000]uit 1 oniss inNo oder, mbity gupngon.  Talages2591
[  000000] Polcy zon: A3
  0.0000 Knel mmd lie:OO_IMA=/ot/vmlinuz4..0-19-neicro=LBEL=cloumg-rtfro consoe=y1 conolttS0
[   .0000]IDhashtaleenries: 409 (rd: 3, 376 bytes)
[   00000]Mery 10040/10412 aailae 845K kerelode, 18Krwdata398K rda, 508K iit136K bss, 630K resve, 0Kcm-rerved)
[   .000] LUB: HWalign64 Oer0-3, MnOjects=, CPUs2,odes=1
[   0.0000] erl/Userag tabessolatonenabled
[   .00000 Herrchil U implmetaon.   0.00000	Buildimadjumet ofle fnouto .
[  000000]RCresticngCPUs from N_CUS51 to r_pu_i=2
[    00000 RCU: djstng geoet fr rc_fou_lea=6 n_cpu_is=
   0.000] R_IRQS304 nrir:40 16
[   0.00000 Cnsol cour VGA 8x2
    .0000 conse ty1] enable
   0.000000] onole [tS0enabed[    0.000000] tsc: Detected 2294.688 MHz processor
[   28.084408] Calibrating delay loop (skipped) preset value.. 4589.37 BogoMIPS (lpj=9178752)
[   28.248922] pid_max: default: 32768 minimum: 301
[   28.336976] ACPI: Core revision 20150930
[   28.420685] ACPI: 2 ACPI AML tables sccessfully acquired and loaded
[   28.564470] Security Framework initialized
[   28.644193] Yama: becoming mindful.
[   28.721050] AppArmor: AppArmor initialized
[   28.830183] Dentry cache hash table entries: 131072 (order: 8, 1048576 bytes)
[   28.991795] Inode-cache hash table entries: 65536 (order: 7, 524288 bytes)
[   29.116014] Mount-cache hash table entries: 2048 (order: 2, 16384 bytes)
[   29.271364] Mountpoint-cache hash table entries: 2048 (order: 2, 16384 bytes)
[   29.430296] Initializing cgroup subsys io
[   29.521148] Initializing cgroup subsys memory
[   29.624335] Initializing cgroup subsys devices
[   29.729553] Initializing cgroup subsys freezer
[   29.838489] Initializing cgroup subsys net_cls
[   29.953295] Initializing cgroup subsys perf_event
[   30.060459] Initializing cgroup subsys net_prio
[   30.169403] Initializing cgroup subsys hugetlb
[   30.256063] Initializing cgroup subsys pids
[   30.350055] CPU: Physical Processor ID: 0
[   30.445902] CPU: Processor Core ID: 0
[   30.547237] mce: CPU supports 0 MCE banks
[   30.657993] Last level iTLB entries: 4KB 1024, 2MB 1024, 4MB 1024
[   30.809748] Last level dTLB entries: 4KB 1024, 2MB 1024, 4MB 1024, 1GB 4
[   30.973687] Freeing SMP alternatives memory: 32K
[   31.103877] ftrace: allocating 32171 entries in 126 pages
[   31.264804] smpboot: APIC(0) Converting physical 0 to logical package 0
[   31.416549] smpboot: Max logical packages: 1
[   31.520504] x2apic enabled
[   31.604308] Switched APIC routing to physical x2apic.
[   31.709017] ..TIMER: vector=0x30 apic1=0 pin1=2 apic2=-1 pin2=-1
[   31.976282] smpboot: CPU0: Intel(R) Core(TM) i7-4850HQ CPU @ 2.30GHz (family: 0x6, model: 0x46, stepping: 0x1)
[   32.211572] Performance Events: unsupported p6 CPU model 70 no PMU driver, software events only.
[   32.431220] KVM setup paravirtual spinlock
[   32.479642] x86: Booting SMP configuration:
[   32.480664] .... node  #0, CPUs:      #1
[   32.481838] kvm-clock: cpu 1, msr 0:3ffe3041, secondary cpu clock
[   32.483780] mce: CPU supports 0 MCE banks
[   32.487801] x86: Booted up 1 node, 2 CPUs
[   32.568885] smpboot: Total of 2 processors activated (9178.75 BogoMIPS)
[   32.719738] devtmpfs: initialized
[   32.806158] evm: security.selinux
[   32.881672] evm: security.SMACK64
[   32.961084] evm: security.SMACK64EXEC
[   33.024284] evm: security.SMACK64TRANSMUTE
[   33.118118] evm: security.SMACK64MMAP
[   33.205810] evm: security.ima
[   33.267803] evm: security.capability
[   33.359203] clocksource: jiffies: mask: 0xffffffff max_cycles: 0xffffffff, max_idle_ns: 7645041785100000 ns
[   33.556730] futex hash table entries: 512 (order: 3, 32768 bytes)
[   33.638235] pinctrl core: initialized pinctrl subsystem
[   33.759418] RTC time: 23:21:50, date: 01/22/18
[   33.842754] NET: Registered protocol family 16
[   33.940817] cpuidle: using governor ladder
[   34.045412] cpuidle: using governor menu
[   34.142405] PCCT header not found.
[   34.218718] ACPI: bus type PCI registered
[   34.313732] acpiphp: ACPI Hot Plug PCI Controller Driver version: 0.5
[   34.463530] PCI: Using configuration type 1 for base access
[   34.596793] ACPI: Added _OSI(Module Device)
[   34.656982] ACPI: Added _OSI(Processor Device)
[   34.686539] ACPI: Added _OSI(3.0 _SCP Extensions)
[   34.737717] ACPI: Added _OSI(Processor Aggregator Device)
[   34.815513] ACPI: Executed 1 blocks of module-level executable AML code
[   34.933088] ACPI: Interpreter enabled
[   34.997140] ACPI: (supports S0 S5)
[   35.060809] ACPI: Using IOAPIC for interrupt routing
[   35.139484] PCI: Using host bridge windows from ACPI; if necessary, use "pci=nocrs" and report a bug
[   35.287983] ACPI: PCI Root Bridge [PCI0] (domain 0000 [bus 00-ff])
[   35.392257] acpi PNP0A03:00: _OSC: OS supports [ASPM ClockPM Segments MSI]
[   35.501738] acpi PNP0A03:00: _OSC: not requesting OS control; OS requires [ExtendedConfig ASPM ClockPM MSI]
[   35.647503] acpi PNP0A03:00: fail to add MMCONFIG information, can't access extended PCI configuration space under this bridge.
[   35.794042] PCI host bridge to bus 0000:00
[   35.805873] pci_bus 0000:00: root bus resource [io  0x0000-0x0cf7 window]
[   35.807359] pci_bus 0000:00: root bus resource [io  0x0d00-0xffff window]
[   35.928647] pci_bus 0000:00: root bus resource [mem 0x000a0000-0x000bffff window]
[   36.084863] pci_bus 0000:00: root bus resource [mem 0x40000000-0xfdffffff window]
[   36.211725] pci_bus 0000:00: root bus resource [bus 00-ff]
[   36.315518] pci 0000:00:01.1: legacy IDE quirk: reg 0x10: [io  0x01f0-0x01f7]
[   36.412364] pci 0000:00:01.1: legacy IDE quirk: reg 0x14: [io  0x03f6]
[   36.526989] pci 0000:00:01.1: legacy IDE quirk: reg 0x18: [io  0x0170-0x0177]
[   36.650953] pci 0000:00:01.1: legacy IDE quirk: reg 0x1c: [io  0x0376]
[   36.788061] pci 0000:00:07.0: quirk: [io  0x4000-0x403f] claimed by PIIX4 ACPI
[   36.883931] pci 0000:00:07.0: quirk: [io  0x4100-0x410f] claimed by PIIX4 SMB
[   36.929919] ACPI: PCI Interrupt Link [LNKA] (IRQs 5 9 10 *11)
[   37.017189] ACPI: PCI Interrupt Link [LNKB] (IRQs 5 9 *10 11)
[   37.093170] ACPI: PCI Interrupt Link [LNKC] (IRQs 5 *9 10 11)
[   37.192722] ACPI: PCI Interrupt Link [LNKD] (IRQs 5 9 10 *11)
[   37.282322] ACPI: Enabled 2 GPEs in block 00 to 07
[   37.347751] vgaarb: setting as boot device: PCI:0000:00:02.0
[   37.429605] vgaarb: device added: PCI:0000:00:02.0,decodes=io+mem,owns=io+mem,locks=none
[   37.590364] vgaarb: loaded
[   37.623180] vgaarb: bridge control possible 0000:00:02.0
[   37.718919] SCSI subsystem initialized
[   37.785873] ACPI: bus type USB registered
[   37.853861] usbcore: registered new interface driver usbfs
[   37.944330] usbcore: registered new interface driver hub
[   37.991802] usbcore: registered new device driver usb
[   38.015704] PCI: Using ACPI for IRQ routing
[   38.088155] NetLabel: Initializing
[   38.151883] NetLabel:  domain hash size = 128
[   38.233975] NetLabel:  protocols = UNLABELED CIPSOv4
[   38.321274] NetLabel:  unlabeled traffic allowed by default
[   38.413274] amd_nb: Cannot enumerate AMD northbridges
[   38.496505] clocksource: Switched to clocksource kvm-clock
[   .664 ApArmor: AppArmor Filysemnaed[  3.083] p:nPCPin
  9.3095pn P AI:oud 3 eves
[   39.931329] clocksource: acpi_pm: mask: 0xffffff max_cycles: 0xffffff, max_idle_ns: 2085701024 ns
[   40.199464] NET: Registered protocol family 2
[   40.214745] TCP established hash table entries: 8192 (order: 4, 65536 bytes)
[   40.243515] TCP bind hash table entries: 8192 (order: 5, 131072 bytes)
[   40.307677] TCP: Hash tables configured (established 8192 bind 8192)
[   40.465588] UDP hash table entries: 512 (order: 2, 16384 bytes)
[   40.631508] UDP-Lite hash table entries: 512 (order: 2, 16384 bytes)
[   40.794381] NET: Registered protocol family 1
[   40.924068] pci 0000:00:00.0: Limiting direct PCI/PCI transfers
[   41.143449] pci 0000:00:01.0: Activating ISA DMA hang workarounds
[   41.304599] Unpacking initramfs...
[   42.854915] Freeing initrd memory: 10792K
[   42.866880] platform rtc_cmos: registered platform RTC device (no PNP device found)
[   42.954877] Scanning for low memory corruption every 60 seconds
[   43.128835] audit: initializing netlink subsys (disabled)
[   43.319896] audit: type=2000 audit(1516663287.463:1): initialized
[   43.466761] Initialise system trusted keyring
[   43.515242] HugeTLB registered 2 MB page size, pre-allocated 0 pages
[   43.537389] zbud: loaded
[   43.546883] VFS: Disk quotas dquot_6.6.0
[   43.557814] VFS: Dquot-cache hash table entries: 512 (order 0, 4096 bytes)
[   43.614905] squashfs: version 4.0 (2009/01/31) PhillipLLougher
[   43.793018] fuse init (API version 7.23)
[   43.970324] tsc: Refined TSC clocksource calibration: 2293.718 MHz
[   44.194443] clocksource: tsc: mask: 0xffffffffffffffff max_cycles: 0x2110069eb77, max_idle_ns: 440795226527 ns
[   44.194673] Key type big_key registered
[   44.194692] Allocating IMA MOK and blacklist keyrings.
[   44.194875] Key type asymmetric registered
[   44.194881] Asymmetric key parser 'x509' registered
[   44.194910] Block layer SCSI generic (bsg) driver version 0.4 loaded (major 249)
[   44.194931] io scheduler noop registered
[   44.194932] io scheduler deadline registered (default)
[   44.194954] io scheduler cfq registered
[   44.195032] pci_hotplug: PCI Hot Plug PCI Core version: 0.5
[   44.195035] pciehp: PCI Express Hot Plug Controller Driver version: 0.4
[   44.195382] ACPI: AC Adapter [AC] (on-line)
[   44.195426] input: Power Button as /devices/LNXSYSTM:00/LNXPWRBN:00/input/input0
[   44.195429] ACPI: Power Button [PWRF]
[   44.195508] input: Sleep Button as /devices/LNXSYSTM:00/LNXSLPBN:00/input/input1
[   44.195509] ACPI: Sleep Button [SLPF]
[   44.195642] GHES: HEST is not enabled!
[   44.196717] ACPI: Battery Slot [BAT0] (battery present)
[   44.196752] Serial: 8250/16550 driver, 32 ports, IRQ sharing enabled
[   44.474537] 00:02: ttyS0 at I/O 0x3f8 (irq = 4, base_baud = 115200)iis a 16550A
[   44.596001] Linux agpgart interface v0.103
[   44.641374] loop: module loaded
[   44.641932] scsi host0: ata_piix
[   44.641991] scsi host1: ata_piix
[   44.642016] ata1: PATA max UDMA/33 cmd 0x1f0 ctl 0x3f6 bmdma 0xd000 irq 14
[   44.642016] ata2: PATA max UDMA/33 cmd 0x170 ctl 0x376 bmdma 0xd008 irq 15
[   44.642132] libphy: Fixed MDIO Bus: probed
[   44.642135] tun: Universal TUN/TAP device driver, 1.6
[   44.642135] tun: (C) 1999-2004 Max Krasnyansky <maxk@qualcomm.com>
[   44.642541] PPP generic driver version 2.4.2
[   44.642600] ehci_hcd: USB 2.0 'Enhanced' Host Controller (EHCI) Driver
[   44.642603] ehci-pci: EHCI PCI platform driver
[   44.642617] ehci-platform: EHCI generic platform driver
[   44.642623] ohci_hcd: USB 1.1 'Open' Host Controller (OHCI) Driver
[   44.642625] ohci-pci: OHCI PCI platform driver
[   44.642633] ohci-platform: OHCI generic platform driver
[   44.642639] uhci_hcd: USB Universal Host Controller Interface driver
[   44.642712] i8042: PNP: PS/2 Controller [PNP0303:PS2K,PNP0f03:PS2M] at 0x60,0x64 irq 1,12
[   44.643186] serio: i8042 KBD port at 0x60,0x64 irq 1
[   44.643190] serio: i8442 AUX port at 0x60,0x64 irq 12
[   44.643278] mousedev: PS/2 mouse device common for all mice
[   44.643607] input: AT Translated Set 2 keyboard as /devices/platform/i8042/serio0/input/input2
[   44.644055] rtc_cmos rtc_cmos: rtc core: registered rtc_cmos as rtc0
[   44.644106] rtc_cmos rtc_cmos: alarms up to one day, 114 bytes nvram
[   44.644114] i2c /dev entries driver
[   44.644164] device-mapper: uevent: version 1.0.3
[   44.644218] device-mapper: ioctl: 4.34.0-ioctl (2015-10-28) initialised: dm-devel@redhat.com
[   44.644231] ledtrig-cpu: registered to indicate activity on CPUs
[   44.644932] NET: Registered protocol family 10
[   44.645204] NET: Registered protocol family 17
[   44.645213] Key type dns_resolver registered
[   44.645360] microcode: CPU0 sig=0x40661, pf=0x40, revision=0x0
[   44.655206] microcode: CPU1 sig=0x40661, pf=0x40, revision=0x0
[   44.655260] microcode: Microcode Update Driver: v2.01 <tigran@aivazian.fsnet.co.uk>, Peter Oruba
[   44.655410] registered taskstats version 1
[   44.655427] Loading compiled-in X.509 certificates
[   44.656228] Loade  X.509 cert 'Build time autogenerated kernel key: 96e61bd247bb6c4e82ca419795a98fcb171b0e99'
[   44.656252] zswap: loaded using pool lzo/zbud
[   44.658304] Key type trusted registered
[   44.661617] Key type encrypted registered
[   44.661622] AppArmor: AppArmor sha1 policy hashing enabled
[   44.666625] ima: No TPM chip found, activating TPM-bypass!
[   44.661642] evm: HMCC attrs: 0x1
[   44.662086]   Magic number: 2:885:403
[   44.662123] power_supply BAT0: hash matches
[   44.672374] rtc_cmos rtc_cmos: setting system clock to 2018-01-22 23:22:01 UTC (1516663321)
[   44.672456] BIOS EDD facility v0.16 2004-Jun-25, 0 devices found
[   44.672456] EDD information not available.
[   51.624611] Freeing unused kernel memory: 1508K
[   52.679224] Write protecting the kernel read-only data: 14336k
[   52.785041] Freeing unused kernel memory: 1744K
[   52.883530] Freeing unused kernel memory: 108K
Loading, please [   52.967506] random: systemd-udevd: uninitialized urandom read (16 bytes read, 5 bits of entropy available)
wait...
startin[   52.968092] random: udevadm: uninitialized urandom read (16 bytes read, 5 bits of entropy available)
g version 229
[   52.968112] random: udevadm: uninitialized urandom read (16 bytes read, 5 bits of entropy available)
[   52.978326] random: udevadm: uninitialized urandom read (16 bytes read, 5 bits of entropy available)
[   52.978373] random: udevadm: uninitialized urandom read (16 bytes read, 5 bits of entropy available)
[   52.978575] random: udevadm: uninitialized urandom read (16 bytes read, 5 bits of entropy available)
[   52.978664] random: udevadm: uninitialized urandom read (16 bytes read, 5 bits of entropy available)
[   52.978776] random: udevadm: uninitialized urandom read (16 bytes read, 5 bits of entropy available)
[   52.978872] random: udevadm: uninitialized urandom read (16 bytes read, 5 bits of entropy available)
[   52.978939] random: udevadm: uninitialized urandom read (16 bytes read, 5 bits of entropy available)
[   54.515300] e1000: Intel(R) PRO/1000 Network Driver - version 7.3.21-k8-NAPI
[   54.586177] e1000: Copyright (c) 1999-2006 Intel Corporation.
[   54.608702] Fusion MPT base driver 3.04.20
[   54.617897] Copyright (c) 1999-2008 LSI Corporation
[   54.644746] Fusion MPT SPI Host driver 3.04.20
[   54.661320] AVX2 version of gcm_enc/dec engaged.
[   54.775234] AES CTR mode by8 optimization enabled
[   55.025224] e1000 0000:00:03.0 eth0: (PCI:33MHz:32-bit) 02:38:07:4c:82:85
[   55.274812] e1000 0000:00:03.0 eth0: Intel(R) PRO/1000 Network Connection
[   55.279196] input: ImExPS/2 Generic Explorer Mouse as /devices/platform/i8042/serio1/input/input4
[   55.476742] mptbase: ioc0: Initiating bringup
[   55.596745] ioc0: LSI53C1030 A0: Capabilities={Initiator}
[   55.864659] scsi host2: ioc0: LSI53C1030 A0, FwRev=00000000h, Ports=1, MaxQ=256, IRQ=20
[   56.247688] scsi 2:0:0:0: Direct-Access     VBOX     HARDDISK         1.0  PQ: 0 ANSI: 5
[   56.881780] scsi target2:0:0: Beginning Domain Validation
[   57.003130] scsi target2:0:0: Domain Validation skipping write tests
[   57.005939] scsi target2:0:0: Ending Domain Validation
[   57.055799] scsi target2:0:0: asynchronous
[   57.098457] scsi 2:0:1:0: Direct-Access     VBOX     HARDDISK         1.0  PQ: 0 ANSI: 5
[   57.172490] scsi target2:0:1: Beginning Domain Validation
[   57.217983] scsi target2:0:1: Domain Validation skipping write tests
[   57.271008] scsi target2:0:1: Ending Domain Validation
[   57.319265] scsi target2:0:1: asynchronous
[   57.352929] e1000 0000:00:08.0 eth1: (PCI:33MHz:32-bit) 08:00:27:ad:b0:a2
[   57.352933] e1000 0000:00:08.0 eth1: Intel(R) PRO/1000 Network Connection
[   57.491208] e1000 0000:00:08.0 enp0s8: renamed from eth1
[   57.669621] floppy0: no floppy controllers found
[   57.934382] e1000 0000:00:03.0 enp0s3: renamed from eth0
[   57.992250] sd 2:0:0:0: Attached scsi generic sg0 type 0
[   57.992430] sd 2:0:0:0: [sda] 20971520 512-byte logical blocks: (10.7 GB/10.0 GiB)
[   57.992695] sd 2:0:0:0: [sda] Write Protect is off
[   57.992836] sd 2:0:0:0: [sda] Incomplete mode parameter data
[   57.992837] sd 2:0:0:0: [sda] Assuming drive cache: write through
[   57.994335]  sda: sda1
[   57.995366] sd 2:0:0:0: [sda] Attached SCSI disk
[   58.562317] sd 2:0:1:0: [sdb] 20480 512-byte logical blocks: (10.5 MB/10.0 MiB)
[   58.771367] sd 2:0:1:0: Attached scsi generic sg1 type 0
[   58.904508] sd 2:0:1:0: [sdb] Write Protect is off
[   59.035436] sd 2:0:1:0: [sdb] Incomplete mode parameter data
[   59.059379] sd 2:0:1:0: [sdb] Assuming drive cache: write through
[   59.083022] sd 2:0:1:0: [sdb] Attached SCSI disk
Begin: Loading e[   60.543769] md: linear personality registered for level -1
ssential drivers[   60.788150] md: multipath personality registered for level -4
 ... [   60.926229] md: raid0 personality registered for level 0
[   61.049771] md: raid1 personality registered for level 1
[   61.228720] raid6: sse2x1   gen()  7421 MB/s
[   61.352727] raid6: sse2x1   xor()  7396 MB/s
[   61.504548] raid6: sse2x2   gen() 11786 MB/s
[   61.669094] raid6: sse2x2   xor()  7956 MB/s
[   61.836705] raid6: sse2x4   gen() 13653 MB/s
[   62.020773] raid6: sse2x4   xor()  9256 MB/s
[   62.176829] raid6: avx2x1   gen() 18181 MB/s
[   62.356588] raid6: avx2x2   gen() 21352 MB/s
[   62.476750] raid6: avx2x4   gen() 24484 MB/s
[   62.593320] raid6: using algorithm avx2x4 gen() 24484 MB/s
[   62.720136] raid6: using avx2x2 recovery algorithm
[   62.841491] xor: automatically using best checksumming function:
[   63.079529]    avx       : 51037.000 MB/sec
[   63.228425] async_tx: api initialized (async)
[   63.345813] md: raid6 personality registered for level 6
[   63.472954] md: raid5 personality registered for level 5
[   63.518289] md: raid4 personality registered for level 4
[   63.635309] md: raid10 personality registered for level 10
done.
Begin: Running /scripts/init-premount ...[   63.792737] Btrfs loaded
 done.
Begin: Mounting root file system ... Begin: Running /scr[   63.903268] EXT4-fs (sda1): mounted filesystem with ordered data mode. Opts: (null)
ipts/local-top ... done.
Begin: Running /scripts/local-premount ... Scanning for Btrfs filesystems
done.
Warning: fsck not present, so skipping root file system
done.
Begin: Running /scripts/local-bottom ... done.
Begin: Running /scripts/init-bottom ... done.
[   64.329249] systemd[1]: systemd 229 running in system mode. (+PAM +AUDIT +SELINUX +IMA +APPARMOR +SMACK +SYSVINIT +UTMP +LIBCRYPTSETUP +GCRYPT +GNUTLS +ACL +XZ -LZ4 +SECCOMP +BLKID +ELFUTILS +KMOD -IDN)
[   64.609572] systemd[1]: Detected virtualization oracle.
[   64.709958] systemd[1]: Detected architecture x86-64.

Welcome to [1mUbuntu 16.04.3 LTS[0m!

[   64.853517] systemd[1]: Set hostname to <ubuntu>.
[   65.031326] systemd[1]: Initializing machine ID from random generator.
[   65.249865] systemd[1]: Installed transient /etc/machine-id file.
[   65.626546] systemd[1]: Listening on udev Kernel Socket.
[[0;32m  OK  [0m] Listening on udev Kernel Socket.
[   65.724919] systemd[1]: Listening on udev Control Socket.
[[0;32m  OK  [0m] Listening on udev Control Socket.
[   66.001701] systemd[1]: Listening on Journal Socket.
[[0;32m  OK  [0m] Listening on Journal Socket.
[   66.201286] systemd[1]: Listening on Journal Audit Socket.
[[0;32m  OK  [0m] Listening on Journal Audit Socket.
[   66.453649] systemd[1]: Reached target Swap.
[[0;32m  OK  [0m] Reached target Swap.
[   66.617555] systemd[1]: Listening on /dev/initctl Compatibility Named Pipe.
[[0;32m  OK  [0m] Listening on /dev/initctl Compatibility Named Pipe.
[   66.837682] syttemd[1]: Listening on Journal Socket (/dev/log).
[[0;32m  OK  [0m] Listening on Journal Socket (/dev/log).
[   67.190356] systemd[1]: Created slice User and Session Slice.
[[0;32m  OK  [0m] Created slice User and Session Slice.
[   67.473542] systemd[1]: Started Trigger resolvconf update for networkd DNS.
[[0;32m  OK  [0m] Started Trigger resolvconf update for networkd DNS.
[   67.770033] systemd[1]: Created slice System Slice.
[[0;32m  OK  [0m] Created slice System Slice.
[   67.910227] random: nonblocking pool is initialized
[   67.936943] systemd[1]: Starting Load Kernel Modules...
[ 682483LoiniSI anorcls .070

         Startin[   68.654692] iscsi: registered transport (tcp)
g Load Kernel Modules...
[   68.775023] iscsi: registered transport (iser)
[   69.854018] systemd[1]: Starting Uncomplicated firewall...
         Starting Uncomplicated firewall...
[   70.100771] systemd[1]: Starting Create list of required static device nodes for the current kernel...
         Starting Create list of required st... nodes for the current kernel...
[   70.165227] systemd[1]: Starting Nameserver information manager...
         Starting Nameserver information manager...
[   70.425739] systemd[1]: Listening on Device-mapper event daemon FIFOs.
[[0;32m  OK  [0m] Listening on Device-mapper event daemon FIFOs.
[   70.665408] systemd[1]: Started Forward Password Requests to Wall Directory Watch.
[[0;32m  OK  [0m] Started Forward Password Requests to Wall Directory Watch.
[   70.977247] systemd[1]: Starting Set console keymap...
         Starting Set console keymap...
[   71.135933] systemd[1]: Mounting Huge Pages File System...
         Mounting Huge Pages File System...
[   71.240929] systemd[1]: Mounting Debug File System...
         Mounting Debug File System...
[   71.294965] systemd[1]: Created slice system-serial\x2dgetty.slice.
[[0;32m  OK  [0m] Created slice system-serial\x2dgetty.slice.
[   71.460969] systemd[1]: Set up automount Arbitrary Executable File Formats File System Automount Point.
[[0;32m  OK  [0m] Set up automount Arbitrary Executab...ats File System Automount Point.
[   71.737131] systemd[1]: Listening on LVM2 poll daemon socket.
[[0;32m  OK  [0m] Listening on LVM2 poll daemon socket.
[   71.889120] systemd[1]: Listening on Syslog Socket.
[[0;32m  OK  [0m] Listening on Syslog Socket.
[   72.012414] systemd[1]: Reached target Slices.
[[0;32m  OK  [0m] Reached target Slices.
[   72.232797] systemd[1]: Starting Journal Service...
         Starting Journal Service...
[   72.368667] systemd[1]: Mounting POSIX Message Queue File System...
         Mounting POSIX Message Queue File System...
[   72.529088] systemd[1]: Reached target User and Group Name Lookups.
[[0;32m  OK  [0m] Reached target User and Group Name Lookups.
[   72.764159] systemd[1]: Listening on LVM2 metadata daemon socket.
[[0;32m  OK  [0m] Listening on LVM2 metadata daemon socket.
[   73.029554] systemd[1]: Starting Monitoring of LVM2 mirrors, snapshots etc. using dmeventd or progress polling...
         Starting Monitoring of LVM2 mirrors... dmeventd or progress polling...
[   73.217223] systemd[1]: Starting Remount Root and Kernel File Systems...
[   73.220725] EXT4-fs (sda1): re-mounted. Opts: (null)
         Starting Remount Root and Kernel File Systems...
[   733572syte[1 Reachd arget ncypd Voums.
[[0;32m  OK  [0m] Reached target Encrypted Volumes.
[   74.002899] systemd[1]: Mounted POSIX Message Queue File System.
[[0;32m  OK  [0m] Mounted POSIX Message Queue File System.
[   74.168] std[: outeHu Pge File System.
[[0;32m  OK  [0m] Mounted Huge Pages File System.
[   4.767]system[1: ountd buFie stm.
[[0;32m  OK  [0m] Mounted Debug File System.
[ 75861]ysmd]:taedJornal Service.
[[0;32m  OK  [0m] Started Journal Service.
[[0;32m  OK  [0m] Started Load Kernel Modules.
[[0;32m  OK  [0m] Started Uncomplicated firewall.
[[0;32m  OK  [0m] Started Create list of required sta...ce nodes for the current kernel.
[[0;32m  OK  [0m] Started Set console keymap.
[[0;32m  OK  [0m] Started Remount Root and Kernel File Systems.
[[0;32m  OK  [0m] Started Nameserver information manager.
[[0;32m  OK  [0m] Started LVM2 metadata daemon.
         Starting udev Coldplug all Devices...
         Starting Initial cloud-init job (pre-networking)...
         Starting Load/Save Random Seed...
         Starting Create Static Device Nodes in /dev...
         Starting Apply Kernel Variables...
         Mounting FUSE Control File System...
         Starting Flush Journal to Persistent Storage...
[[0;32m  OK  [0m] Mounted FUSE Control File System.
[[0;32m  OK  [0m] Started Load/Save Random Seed.
[[0;32m  OK  [0m] Started Create Static Device Nodes in /dev.
[[0;32m  OK  [0m] Started Apply Kernel Variables.
[[0;32m  OK  [0m] Started udev Coldplug all Devices.
[[0;32m  OK  [0m] Started Monitoring of LVM2 mirrors,...ng dmeventd or progress polling.
[[0;32m  OK  [0m] Started Flush Journal to Persistent Storage.
         Starting udev Kernel Device Manager...
[[0;32m  OK  [0m] Started udev Kernel Device Manager.
[[0;32m  OK  [0m] Started Dispatch Password Requests to Console Directory Watch.
[[   38.925078] cloud-init[444]: Cloud-init v. 17.1 running 'init-local' at Mon, 22 Jan 2018 23:22:33 +0000. Up 38.68 seconds.
[0;32m  OK  [0m] Reached target Local File Systems (Pre).
[[0;32m  OK  [0m] Reached target Local File Systems.
         Starting Commit a transient machine-id on disk...
         Starting Create Volatile Files and Directories...
         Starting LSB: AppArmor initialization...
         Starting Tell Plymouth To Write Out Runtime Data...
         Starting Set console font and keymap...
[[0;32m  OK  [0m] Started Commit a transient machine-id on disk.
[[0;32m  OK  [0m] Started Create Volatile Files and Directories.
[[0;32m  OK  [0m] Started Tell Plymouth To Write Out Runtime Data.
[[0;32m  OK  [0m] Started Set console font and keymap.
[[0;32m  OK  [0m] Started Initial cloud-init job (pre-networking).
[[0;32m  OK  [0m] Found device /dev/ttyS0.
[[0;32m  OK  [0m] Listening on Load/Save RF Kill Switch Status /dev/rfkill Watch.
[[0;32m  OK  [0m] Reached target Network (Pre).
[[0;32m  OK  [0m] Created slice system-getty.slice.
[[0;32m  OK  [0m] Reached target System Time Synchronized.
         Starting Update UTMP about System Boot/Shutdown...
[[0;32m  OK  [0m] Started LSB: AppArmor initialization.
[[0;32m  OK  [0m] Started Update UTMP about System Boot/Shutdown.
         Starting Raise network interfaces...
[[0;32m  OK  [0m] Started ifup for enp0s3.
[[0;32m  OK  [0m] Started Raise network interfaces.
[[0;32m  OK  [0m] Reached target Network.
         Starting Initial cloud-init job (metadata service crawler)...
[   43.205915] cloud-init[971]: Cloud-init v. 17.1 running 'init' at Mon, 22 Jan 2018 23:22:37 +0000. Up 42.52 seconds.
[[0;32m  OK  [0m] Started Initial cloud-init job (metadata service crawler).
[   43.284521] cloud-init[971]: ci-info: +++++++++++++++++++++++++++++++++++++Net device info++++++++++++++++++++++++++++++++++++++
[   43.420451] [cloud-init[0;32m  OK  [0m[971]: ] ci-info: +--------+-------+---------------------------+---------------+-------+-------------------+Reached target System Initialization.

[[0;32m  OK  [0m] Started Timer to automatically refresh installed snaps.
[[0;32m  OK  [0m] Started Daily Cleanup of Temporary Directories.
[   43.421312] cloud-init[971]: ci-info: | Device |   Up  |          Address          |      Mask     | Scope |     Hw-Address    |
[[0;32m  OK  [0m] Started ACPI Events Check.
[[0;32m  OK  [0m] Reached target Paths.
[   43.788443] cloud-init[971]: ci-info: +--------+-------+---------------------------+---------------+-------+-------------------+
[   43.969247] [cloud-init[0;32m  OK  [0m[971]: ] ci-info: | enp0s3 |  True |         10.0.2.15         | 255.255.255.0 |   .   | 02:38:07:4c:82:85 |Listening on UUID daemon activation socket.

[   43.970053]          cloud-initStarting LXD - unix socket.[971]: 
ci-info: | enp0s3 |  True | fe80::38:7ff:fe4c:8285/64 |       .       |  link | 02:38:07:4c:82:85 |
[   44.196753] [cloud-init[0;32m  OK  [0m[971]: ] ci-info: | enp0s8 | False |             .             |       .       |   .   | 08:00:27:ad:b0:a2 |Listening on D-Bus System Message Bus Socket.

[[0;32m  OK  [0m] Listening on ACPID Listen Socket.
         Starting Socket activation for snappy daemon.
[[0;32m  OK  [0m] Reached target Cloud-config availability.
[[0;32m  OK  [0m] Reached target Network is Online.
[   44.197838] cloud-init[971]: ci-info: |   lo   |  True |         127.0.0.1         |   255.0.0.0   |   .   |         .         |
[   44.488992]          cloud-initStarting iSCSI initiator daemon (iscsid)...[971]: 
ci-info: |   lo   |  True |          ::1/128          |       .       |  host |         .         |
[   44.489962] [cloud-init[0;32m  OK  [0m[971]: ] ci-info: +--------+-------+---------------------------+---------------+-------+-------------------+Started Daily apt download activities.

[[0;32m  OK  [0m] Started Daily apt upgrade and clean activities.
[[0;32m  OK  [0m] Reached target Timers.
[   44.831936] cloud-init[971]: ci-info: +++++++++++++++++++++++++++Route IPv4 info++++++++++++++++++++++++++++
[   44.988541] [cloud-init[0;32m  OK  [0m[971]: ] ci-info: +-------+-------------+----------+---------------+-----------+-------+Listening on LXD - unix socket.

[[0;32m  OK  [0m] Listening on Socket activation for snappy daemon.
[   44.989319] cloud-init[971]: ci-info: | Route | Destination | Gateway  |    Genmask    | Interface | Flags |
[   45.201210] [cloud-init[0;32m  OK  [0m[971]: ] ci-info: +-------+-------------+----------+---------------+-----------+-------+Reached target Sockets.

[   45.301789] [cloud-init[0;32m  OK  [0m[971]: ] ci-info: |   0   |   0.0.0.0   | 10.0.2.2 |    0.0.0.0    |   enp0s3  |   UG  |Reached target Basic System.

[   45.384449] cloud-init[971]: ci-info: |   1   |   10.0.2.0  | 0.0.0.0  | 255.255.255.0 |   enp0s3  |   U   |
         Starting Apply the settings specified in cloud-config...
[   45.403281] cloud-init[971]: ci-info: +-------+-------------+----------+---------------+-----------+-------+
[   45.496341]          cloud-initStarting LSB: Record successful boot for GRUB...[971]: 
Generating public/private rsa key pair.
         Starting Accounts Service...
[   45.563260] cloud-init[971]: Your identification has been saved in /etc/ssh/ssh_host_rsa_key.
[   45.640453] cloud-init[971]: Your public key has been saved in /etc/ssh/ssh_host_rsa_key.pub.
[   45.703040] cloud-init[971]: The key fingerprint is:
         Starting Login Service...
[   45.703627] cloud-init[971]: SHA256:X1IaRZXqe2My1T8z4AqkUaGWR4QAHqhy4rc/aiUWe9c root@ubuntu-xenial
[   45.812326] [cloud-init[0;32m  OK  [0m[971]: ] The key's randomart image is:Started Regular background program processing daemon.

[   45.880473] cloud-init[971]: +---[RSA 2048]----+
         Starting LSB: MD monitoring daemon...
[   45.881284] cloud-init[971]: |  .o... o+ .o... |
[   45.976444]          cloud-initStarting System Logging Service...[971]: 
| .. .  .+ ..  .  |
[   46.056468]          cloud-initStarting /etc/rc.local Compatibility...[971]: 
|.  .   + o. ..   |
[   46.057210] cloud-init[971]: |+ ..  . o  +.    |
         Starting Pollinate to seed the pseudo random number generator...
[   46.157281] cloud-init[971]: |oo  o  .S.o..  . |
[   46.236785] [cloud-init[0;32m  OK  [0m[971]: ] | . = o .+E o... .|Started ACPI event daemon.

[   46.304577] [cloud-init[0;32m  OK  [0m[971]: ] |  o = .. .. .o. .|Started FUSE filesystem for LXC.

[   46.305380] cloud-init[971]: |   o .    . +.++.|
[   46.420388]          cloud-initStarting LXD - container startup/shutdown...[971]: 
|  ..o..    ..= .+|
[   46.456739] [cloud-init[0;32m  OK  [0m[971]: ] +----[SHA256]-----+Started Unattended Upgrades Shutdown.

[   46.457487] cloud-init[971]: Generating public/private dsa key pair.
[[0;32m  OK  [0m] Started D-Bus System Message Bus.
[   46.560382] cloud-init[971]: Your identification has been saved in /etc/ssh/ssh_host_dsa_key.
[   46.652571]          cloud-initStarting Snappy daemon...[971]: 
Your public key has been saved in /etc/ssh/ssh_host_dsa_key.pub.
[   46.732522] [cloud-init[0;32m  OK  [0m[971]: ] The key fingerprint is:Started Deferred execution scheduler.

[   46.733755] cloud-init[971]: SHA256:rASsdl84l+O2+wNShPhlgJzBuunsDNTWSfVxqKB9MN0 root@ubuntu-xenial
[   46.836488] [cloud-init[0;32m  OK  [0m[971]: ] The key's randomart image is:Started System Logging Service..

[[0;32m  OK  [0m] Started Snappy daemon.
[[0;32m  OK  [0m] Started iSCSI initiator daemon (iscsid).
[   46.837064] cloud-init[971]: +---[DSA 1024]----+
[   46.976653] [cloud-init[0;32m  OK  [0m[971]: ] |   o.=o+....     |Started /etc/rc.local Compatibility.

[   46.977499] cloud-init[971]: |   .*+o.=Eo      |
[   47.036140] [cloud-init[0;32m  OK  [0m[971]: ] |   .=o++..       |Started LXD - container startup/shutdown.

[[0;32m  OK  [0m] Started LSB: Record successful boot for GRUB.
[[0;32m  OK  [0m] Started Apply the settings specified in cloud-config.
[[0;32m  OK  [0m] Started LSB: MD monitoring daemon.
[[0;32m  OK  [0m] Started Pollinate to seed the pseudo random number generator.
[   47.115141] cloud-init[971]: |  ooooo=..       |
[   47.332599] cloud-init[971]: | .o=.o=.S        |
[   47.365189] cloud-init[971]: |..+. o.*..       |
[   47.365819] cloud-init[971]: |.o    o.o.       |
[[0;32m  OK  [0m] Started Login Service.
[   47.366097] cloud-init[971]: | oo    . ..      |
[   47.528284] cloud-init[971]: | .o     oo..     |
         [   47.528706] Starting Authenticate and Authorize Users to Run Privileged Tasks...cloud-init
[971]: +----[SHA256]-----+
[   47.576736] cloud-init[971]: Generating public/private ecdsa key pair.
         Starting OpenBSD Secure Shell server...
[   47.577287] cloud-init[971]: Your identification has been saved in /etc/ssh/ssh_host_ecdsa_key.
[   47.672872] cloud-init[971]: Your public key has been saved in /etc/ssh/ssh_host_ecdsa_key.pub.
[   47.673488]          cloud-initStarting Login to default iSCSI targets...[971]: 
The key fingerprint is:
[   47.674015] cloud-init[971]: SHA256:Ac6RFtT+M11l+e2RL5y9eNe3YXNmVZ+x54ZF13S/heY root@ubuntu-xenial
[   47.860436] cloud-init[971]: The key's randomart image is:
[   47.861121] cloud-init[971]: +---[ECDSA 256]---+
[[0;32m  OK  [0m] Started OpenBSD Secure Shell server.
[   47.861445] cloud-init[971]: |     .=+        +|
[[   48.024496] cloud-init[971]: |     ooo.      +*|
[   48.025162] cloud-init[971]: |     .o..     o+@|
[0;32m  OK  [0m] Started Authenticate and Authorize Users to Run Privileged Tasks.
[   48.025677] cloud-init[971]: |        ..   o.+%|
[[   48.167423] cloud-init[971]: |        S. . oEBB|
[   48.168164] cloud-init[971]: |          + . ++*|
[0;32m  OK  [0m] Started Accounts Service.
[   48.168393] cloud-init[971]: |           o  o=O|
[   48.344441] cloud-init[971]: |             ..*B|
[   48.344847] cloud-init[971]: |              ..+|
[[0;32m  OK  [0m] Started Login to default iSCSI targets.
[   48.345192] cloud-init[971]: +----[SHA256]-----+
[[   48.484732] cloud-init[971]: Generating public/private ed25519 key pair.
[   48.485789] cloud-init[971]: Your identification has been saved in /etc/ssh/ssh_host_ed25519_key.
[0;32m  OK  [0m] Reached target Remote File Systems (Pre).
[   48.485970] cloud-init[971]: Your public key has been saved in /etc/ssh/ssh_host_ed25519_key.pub.
[[   48.592883] cloud-init[0;32m  OK  [0m] Reached target Remote File Systems.
[971]: The key fingerprint is:
[   48.631551] cloud-init[971]: SHA256:NMYSAoxseIsOpsfAyhdSPF1L17hqu+oLIlgx61V+Frw root@ubuntu-xenial
[   48.631923] cloud-init[971]: The key's randomart image is:
         Starting LSB: Set the CPU Frequency Scaling governor to "ondemand"...
[   48.632302] cloud-init[971]: +--[ED25519 256]--+
[   48.840428] cloud-init[971]: |ooo.o oo .o      |
         Starting LSB: VirtualBox Linux Additions...
[   48.840917] cloud-init[971]: |ooo+ o.+o. .     |
[   48.937034] cloud-init[971]: |oo+.. o.B .      |
[   48.937488] cloud-init[971]: |++.= o + =       |
         Starting LSB: automatic crash report generation...
[   48.937695] cloud-init[971]: |Bo+ o . E        |
[   49.056478] cloud-init[971]: |+=oo   =         |
[   49.056988] cloud-init[971]: |ooo.  . .        |
         Starting LSB: daemon to balance interrupts for SMP systems...
[   49.057199] cloud-init[971]: |. . .  .         |
         Starting Permit User Sessions...
[   49.207495] cloud-init[971]: |    .+o..        |
[   49.305348] cloud-init[971]: +----[SHA256]-----+
[[0;32m  OK  [0m] Started Permit User Sessions.
[   49.308085] cloud-init[1071]: Generating locales (this might take a while)...
[   49.476358] cloud-init[1071]:   en_US.UTF-8... done
[[0;32m  OK  [0m] Started LSB: Set the CPU Frequency Scaling governor to "ondemand".
[   49.476836] cloud-init[1071]: Generation complete.
[   49.629639] cloud-init[1071]: Cloud-init v. 17.1 running 'modules:config' at Mon, 22 Jan 2018 23:22:40 +0000. Up 45.63 seconds.
[[0;32m  OK  [0m] Started LSB: VirtualBox Linux Additions.
[[0;32m  OK  [0m] Created slice User Slice of vagrant.
         Starting User Manager for UID 1000...
[[0;32m  OK  [0m] Started Session 1 of user vagrant.
         Starting Terminate Plymouth Boot Screen...
         Starting Hold until boot process finishes up...
[[0;32m  OK  [0m] Started User Manager for UID 1000.
[[0;32m  OK  [0m] Started LSB: automatic crash report generation.
[[0;32m  OK  [0m] Started LSB: daemon to balance interrupts for SMP systems.
[[0;32m  OK  [0m] Started Terminate Plymouth Boot Screen.
[[0;32m  OK  [0m] Started Hold until boot process finishes up.
[[0;32m  OK  [0m] Started Getty on tty1.
         Starting Set console scheme...
[[0;32m  OK  [0m] Started Serial Getty on ttyS0.
[[0;32m  OK  [0m] Reached target Login Prompts.
[[0;32m  OK  [0m] Reached target Multi-User System.
[[0;32m  OK  [0m] Reached target Graphical Interface.
         Starting Update UTMP about System Runlevel Changes...
         Starting Execute cloud user/final scripts...
[[0;32m  OK  [0m] Started Set console scheme.
[[0;32m  OK  [0m] Started Update UTMP about System Runlevel Changes.
ci-info: no authorized ssh keys fingerprints found for user ubuntu.
<14>Jan 22 23:22:46 ec2: 
<14>Jan 22 23:22:46 ec2: #############################################################
<14>Jan 22 23:22:46 ec2: -----BEGIN SSH HOST KEY FINGERPRINTS-----
<14>Jan 22 23:22:46 ec2: 1024 SHA256:rASsdl84l+O2+wNShPhlgJzBuunsDNTWSfVxqKB9MN0 root@ubuntu-xenial (DSA)
<14>Jan 22 23:22:46 ec2: 256 SHA256:Ac6RFtT+M11l+e2RL5y9eNe3YXNmVZ+x54ZF13S/heY root@ubuntu-xenial (ECDSA)
<14>Jan 22 23:22:46 ec2: 256 SHA256:NMYSAoxseIsOpsfAyhdSPF1L17hqu+oLIlgx61V+Frw root@ubuntu-xenial (ED25519)
<14>Jan 22 23:22:46 ec2: 2048 SHA256:X1IaRZXqe2My1T8z4AqkUaGWR4QAHqhy4rc/aiUWe9c root@ubuntu-xenial (RSA)
<14>Jan 22 23:22:46 ec2: -----END SSH HOST KEY FINGERPRINTS-----
<14>Jan 22 23:22:46 ec2: #############################################################
-----BEGIN SSH HOST KEY KEYS-----
ecdsa-sha2-nistp256 AAAAE2VjZHNhLXNoYTItbmlzdHAyNTYAAAAIbmlzdHAyNTYAAABBBGRKMIgfaZtxN30oAC/Z7worRs2ALX1lKuFF5/IDgr0NLZ4orPvvZzAQHCE/kOU+pAUmEBjfjOcyh3fZ+by+fdk= root@ubuntu-xenial
ssh-ed25519 AAAAC3NzaC1lZDI1NTE5AAAAIFO3iMT4txDmZmrLZtxik2omsCrcbpCoPqsigHPvHQR3 root@ubuntu-xenial
ssh-rsa AAAAB3NzaC1yc2EAAAADAQABAAABAQCejOgePZAAw27UX681fQQiwxle6IZR4DCZ+nlFJubPtSTWTIiUH4i0/gXpbnZax9EfmWnlcFC4hzN1e+NrhrIaFA7D1xuF9u8hUjQfnXxGIs3LJS1t0jruk9dGeDXbEtmIbsUjWOIqjZopMm3/4IqTu8jQmDodAkZ0l6GnVlmrqKpMH7i4HGxpaa4vBBUJai21MgKaOJhOn1Ng/FGeIFG71xBzP370NexHgTRfQgNOg6Pkt/6CIS5pxp03tSFu1sa2ztB1pCTYpjCv9ycZ776Z2wKv3wKAFNG5gUSUVSoXN6qCv46y+459YSjXlhlkJcmiHAHvQSLcu3pD2a+0Wk13 root@ubuntu-xenial
-----END SSH HOST KEY KEYS-----
         Stopping User Manager for UID 1000...
[[   52.550475] cloud-init[1349]: Cloud-init v. 17.1 running 'modules:final' at Mon, 22 Jan 2018 23:22:45 +0000. Up 51.22 seconds.
[   52.610010] cloud-init[1349]: ci-info: no authorized ssh keys fingerprints found for user ubuntu.
[0;32m  OK  [0m] Stopped User Manager for UID 1000.
[   52.610271] cloud-init[1349]: Cloud-init v. 17.1 finished at Mon, 22 Jan 2018 23:22:47 +0000. Datasource DataSourceNoCloud [seed=/dev/sdb][dsmode=net].  Up 52.54 seconds
[[0;32m  OK  [0m] Started Execute cloud user/final scripts.
[[0;32m  OK  [0m] Removed slice User Slice of vagrant.
[[0;32m  OK  [0m] Reached target Cloud-init target.

Ubuntu 16.04.3 LTS ubuntu-xenial ttyS0

ubuntu-xenial login: 